[12:30:26] verification subset start
  n_steps=10000, seed=44, pop_deviation=+/-25%
  output: assignments=npz int8 array, metrics=csv, meta=json
C:\Users\email\AppData\Local\Python\pythoncore-3.14-64\Lib\site-packages\gerrychain\graph\adjacency.py:112: UserWarning: Found overlaps among the given polygons. Indices of overlaps: {(1087, 2495), (970, 3032), (1087, 1494), (39, 2376), (180, 4637), (39, 640), (1045, 4435), (1087, 3245), (444, 4615), (1087, 4212), (49, 1087), (39, 4508), (172, 2890), (180, 4615), (4152, 4762), (39, 2717), (1015, 2499), (180, 444), (1045, 3836), (4255, 4637), (39, 2631), (180, 1414), (1414, 4615), (1414, 3840), (905, 4637), (3032, 4764), (260, 616), (510, 1087), (172, 2370), (260, 2492), (905, 4255), (4056, 4152), (510, 2191), (4056, 4762), (2154, 2499)}
  warnings.warn(
[12:30:26] loading VA polygons...
  total 2021 pop across VAs: 4,262,572
[12:30:26] building adjacency graph (4765 VAs)...
  built in 14.4s: 4765 nodes, 13385 edges
  graph: 4765 VAs, 13385 edges
  starting: 87 districts, ideal pop 48,995
  2019 seed exceeds +/-25%; regenerating tight seed
  tight seed pop dev = 12.24%
[12:30:59] step 1000/10000  (95.2 steps/s, eta 95s)
[12:31:11] step 2000/10000  (89.8 steps/s, eta 89s)
[12:31:20] step 3000/10000  (93.3 steps/s, eta 75s)
[12:31:32] step 4000/10000  (92.5 steps/s, eta 65s)
[12:31:41] step 5000/10000  (94.5 steps/s, eta 53s)
[12:31:51] step 6000/10000  (96.1 steps/s, eta 42s)
[12:32:00] step 7000/10000  (97.1 steps/s, eta 31s)
[12:32:10] step 8000/10000  (97.6 steps/s, eta 20s)
[12:32:19] step 9000/10000  (99.3 steps/s, eta 10s)
[12:32:28] step 10000/10000  (100.0 steps/s, eta 0s)
[12:32:28] chain complete in 100.0s (1.67 min)
  wrote v0_1_mcmc_verification_metrics.csv (1113.6 KB)
  wrote v0_1_mcmc_verification_assignments.npz (1.84 MB)
  wrote v0_1_mcmc_verification_meta.json

  total elapsed: 100.0s
  artefact storage:
    metrics: 1113.6 KB
    assignments: 1.84 MB
