Active rows to score: 459
Already scored: 0  Remaining: 459
[09:17:11] [1/459] EBC-2025-1-0051|Chestermere merging with Calgary|full_corpus ... intensity=2
[09:17:43] [2/459] EBC-2025-1-0081|Calgary-Nolan Hill-Cochrane hybrid|full_corpus ... intensity=2
[09:18:05] [3/459] EBC-2025-1-0082|Airdrie 4-way split|full_corpus ... intensity=2
[09:18:41] [4/459] EBC-2025-1-0082|Calgary-Nolan Hill-Cochrane hybrid|full_corpus ... intensity=3
[09:19:20] [5/459] EBC-2025-1-0082|Red Deer hybrid ridings (Blackfalds, Sylvan Lake, Inni ... intensity=3
[09:19:45] [6/459] EBC-2025-1-0082|St. Albert merging with Sturgeon County|full_corpus ... intensity=3
[09:20:18] [7/459] EBC-2025-1-0102|Calgary-Nolan Hill-Cochrane hybrid|full_corpus ... intensity=2
[09:20:45] [8/459] EBC-2025-1-0106|Calgary-Nolan Hill-Cochrane hybrid|full_corpus ... intensity=2
[09:21:15] [9/459] EBC-2025-1-0110|Calgary-Nolan Hill-Cochrane hybrid|full_corpus ... intensity=2
[09:21:40] [10/459] EBC-2025-1-0110|Rocky Mountain House-Banff Park hybrid|full_corpus ... intensity=2
[09:22:07] [11/459] EBC-2025-1-0125|St. Albert merging with Sturgeon County|full_corpus ... intensity=3
[09:22:27] [12/459] EBC-2025-1-0133|St. Albert merging with Sturgeon County|full_corpus ... intensity=2
[09:22:49] [13/459] EBC-2025-1-0134|Calgary-Nolan Hill-Cochrane hybrid|full_corpus ... intensity=2
[09:23:21] [14/459] EBC-2025-1-0137|Rocky Mountain House-Banff Park hybrid|full_corpus ... intensity=2
[09:23:47] [15/459] EBC-2025-1-0138|Airdrie 4-way split|full_corpus ... intensity=2
[09:24:16] [16/459] EBC-2025-1-0138|Red Deer hybrid ridings (Blackfalds, Sylvan Lake, Inni ... intensity=2
[09:24:40] [17/459] EBC-2025-1-0138|St. Albert merging with Sturgeon County|full_corpus ... intensity=2
[09:25:20] [18/459] EBC-2025-1-0139|Calgary-Nolan Hill-Cochrane hybrid|full_corpus ... intensity=2
[09:25:45] [19/459] EBC-2025-1-0152|Airdrie 4-way split|full_corpus ... intensity=2
[09:26:08] [20/459] EBC-2025-1-0152|Red Deer hybrid ridings (Blackfalds, Sylvan Lake, Inni ... intensity=2
[09:26:37] [21/459] EBC-2025-1-0152|St. Albert merging with Sturgeon County|full_corpus ... intensity=2
[09:26:56] [22/459] EBC-2025-1-0154|St. Albert merging with Sturgeon County|full_corpus ... intensity=2
[09:27:19] [23/459] EBC-2025-1-0157|St. Albert merging with Sturgeon County|full_corpus ... intensity=2
[09:27:47] [24/459] EBC-2025-1-0162|Airdrie 4-way split|full_corpus ... intensity=3
[09:28:19] [25/459] EBC-2025-1-0167|Calgary-Nolan Hill-Cochrane hybrid|full_corpus ... intensity=2
[09:28:41] [26/459] EBC-2025-1-0178|St. Albert merging with Sturgeon County|full_corpus ... intensity=2
[09:29:03] [27/459] EBC-2025-1-0181|Calgary-Nolan Hill-Cochrane hybrid|full_corpus ... intensity=2
[09:29:23] [28/459] EBC-2025-2-0013|Airdrie 4-way split|full_corpus ... intensity=2
[09:29:50] [29/459] EBC-2025-2-0046|Airdrie 4-way split|full_corpus ... intensity=2
[09:30:13] [30/459] EBC-2025-2-0047|Airdrie 4-way split|full_corpus ... intensity=2
[09:30:37] [31/459] EBC-2025-2-0048|St. Albert merging with Sturgeon County|full_corpus ... intensity=2
[09:31:19] [32/459] EBC-2025-2-0065|Rocky Mountain House-Banff Park hybrid|full_corpus ... intensity=2
[09:31:45] [33/459] EBC-2025-2-0069|Rocky Mountain House-Banff Park hybrid|full_corpus ... intensity=2
[09:32:18] [34/459] EBC-2025-2-0075|Rocky Mountain House-Banff Park hybrid|full_corpus ... intensity=2
[09:32:54] [35/459] EBC-2025-2-0083|Rocky Mountain House-Banff Park hybrid|full_corpus ... intensity=2
[09:33:28] [36/459] EBC-2025-2-0084|Rocky Mountain House-Banff Park hybrid|full_corpus ... intensity=2
[09:33:50] [37/459] EBC-2025-2-0087|Rocky Mountain House-Banff Park hybrid|full_corpus ... intensity=2
[09:34:29] [38/459] EBC-2025-2-0089|Rocky Mountain House-Banff Park hybrid|full_corpus ... intensity=3
[09:35:05] [39/459] EBC-2025-2-0091|Rocky Mountain House-Banff Park hybrid|full_corpus ... intensity=2
[09:35:41] [40/459] EBC-2025-2-0095|Rocky Mountain House-Banff Park hybrid|full_corpus ... intensity=2
[09:36:25] [41/459] EBC-2025-2-0096|Rocky Mountain House-Banff Park hybrid|full_corpus ... intensity=2
[09:37:11] [42/459] EBC-2025-2-0112|Olds-Three Hills-Didsbury extending to Airdrie|full_co ... intensity=2
[09:37:40] [43/459] EBC-2025-2-0112|Red Deer hybrid ridings (Blackfalds, Sylvan Lake, Inni ... intensity=2
[09:38:08] [44/459] EBC-2025-2-0113|Rocky Mountain House-Banff Park hybrid|full_corpus ... intensity=2
[09:38:44] [45/459] EBC-2025-2-0113|Olds-Three Hills-Didsbury extending to Airdrie|full_co ... intensity=2
[09:39:14] [46/459] EBC-2025-2-0116|Rocky Mountain House-Banff Park hybrid|full_corpus ... intensity=2
[09:39:56] [47/459] EBC-2025-2-0116|Olds-Three Hills-Didsbury extending to Airdrie|full_co ... intensity=2
[09:40:31] [48/459] EBC-2025-2-0117|Rocky Mountain House-Banff Park hybrid|full_corpus ... intensity=2
[09:41:03] [49/459] EBC-2025-2-0120|Olds-Three Hills-Didsbury extending to Airdrie|full_co ... intensity=2
[09:41:30] [50/459] EBC-2025-2-0126|Airdrie 4-way split|full_corpus ... 