[20:57:29] MCMC canonical ensemble starting
  substrate: official Elections Alberta canonical shapefiles
  n_steps=100000, n_chains=2, steps/chain=50000
  base_seed=1432864451, pop_deviation=+/-25%
  majority:  ea_majority_2026_eds.gpkg
  minority:  ea_minority_2026_eds.gpkg
C:\Users\email\AppData\Local\Python\pythoncore-3.14-64\Lib\site-packages\gerrychain\graph\adjacency.py:112: UserWarning: Found overlaps among the given polygons. Indices of overlaps: {(1087, 2495), (970, 3032), (1087, 1494), (39, 2376), (180, 4637), (39, 640), (1045, 4435), (1087, 3245), (444, 4615), (1087, 4212), (49, 1087), (39, 4508), (172, 2890), (180, 4615), (4152, 4762), (39, 2717), (1015, 2499), (180, 444), (1045, 3836), (4255, 4637), (39, 2631), (180, 1414), (1414, 4615), (1414, 3840), (905, 4637), (3032, 4764), (260, 616), (510, 1087), (172, 2370), (260, 2492), (905, 4255), (4056, 4152), (510, 2191), (4056, 4762), (2154, 2499)}
  warnings.warn(
[20:57:29] loading VA polygons...
  total 2021 pop across VAs: 4,262,572
[20:57:30] building adjacency graph (4765 VAs)...
  built in 15.2s: 4765 nodes, 13385 edges

  --- Real-map scores (canonical, pre-ensemble) ---
    2019 enacted: seats=57/87  EG=+0.0241  MM=-0.0077  decl=-0.0451  s50=0.460  cov=100.00%
    majority 2026 canonical: seats=55/89  EG=+0.0010  MM=-0.0362  decl=+0.0267  s50=0.461  cov=100.00%
    minority 2026 canonical: seats=60/89  EG=+0.0402  MM=+0.0104  decl=-0.0770  s50=0.517  cov=100.00%

[20:57:45] launching 2 chains...
  [chain 0] 25000/50000 done; resuming chunk 5/10
  [chain 1] 25000/50000 done; resuming chunk 5/10
C:\Users\email\AppData\Local\Python\pythoncore-3.14-64\Lib\site-packages\gerrychain\graph\adjacency.py:112: UserWarning: Found overlaps among the given polygons. Indices of overlaps: {(1087, 2495), (970, 3032), (1087, 1494), (39, 2376), (180, 4637), (39, 640), (1045, 4435), (1087, 3245), (444, 4615), (1087, 4212), (49, 1087), (39, 4508), (172, 2890), (180, 4615), (4152, 4762), (39, 2717), (1015, 2499), (180, 444), (1045, 3836), (4255, 4637), (39, 2631), (180, 1414), (1414, 4615), (1414, 3840), (905, 4637), (3032, 4764), (260, 616), (510, 1087), (172, 2370), (260, 2492), (905, 4255), (4056, 4152), (510, 2191), (4056, 4762), (2154, 2499)}
  warnings.warn(
C:\Users\email\AppData\Local\Python\pythoncore-3.14-64\Lib\site-packages\gerrychain\graph\adjacency.py:112: UserWarning: Found overlaps among the given polygons. Indices of overlaps: {(1087, 2495), (970, 3032), (1087, 1494), (39, 2376), (180, 4637), (39, 640), (1045, 4435), (1087, 3245), (444, 4615), (1087, 4212), (49, 1087), (39, 4508), (172, 2890), (180, 4615), (4152, 4762), (39, 2717), (1015, 2499), (180, 444), (1045, 3836), (4255, 4637), (39, 2631), (180, 1414), (1414, 4615), (1414, 3840), (905, 4637), (3032, 4764), (260, 616), (510, 1087), (172, 2370), (260, 2492), (905, 4255), (4056, 4152), (510, 2191), (4056, 4762), (2154, 2499)}
  warnings.warn(
[20:57:47] loading VA polygons...
  total 2021 pop across VAs: 4,262,572
[20:57:47] building adjacency graph (4765 VAs)...
  built in 17.1s: 4765 nodes, 13385 edges
  [chain 1] chunk 6/10 (5000 samples, 66s) -> chain1_samples.csv
[20:57:47] loading VA polygons...
  total 2021 pop across VAs: 4,262,572
[20:57:47] building adjacency graph (4765 VAs)...
  built in 17.2s: 4765 nodes, 13385 edges
  [chain 0] chunk 6/10 (5000 samples, 68s) -> chain0_samples.csv
  [chain 1] chunk 7/10 (5000 samples, 57s) -> chain1_samples.csv
  [chain 0] chunk 7/10 (5000 samples, 56s) -> chain0_samples.csv
  [chain 0] chunk 8/10 (5000 samples, 63s) -> chain0_samples.csv
  [chain 1] chunk 8/10 (5000 samples, 67s) -> chain1_samples.csv
  [chain 0] chunk 9/10 (5000 samples, 59s) -> chain0_samples.csv
  [chain 1] chunk 9/10 (5000 samples, 59s) -> chain1_samples.csv
C:\Users\email\AppData\Local\Python\pythoncore-3.14-64\Lib\site-packages\gerrychain\tree.py:704: BipartitionWarning: 
Failed to find a balanced cut after 1000 attempts.
If possible, consider enabling pair reselection within your
MarkovChain proposal method to allow the algorithm to select
a different pair of districts for recombination.
  warnings.warn(
  [chain 1] chunk 10/10 (5000 samples, 58s) -> chain1_samples.csv
  [chain 1] done in 306s
  [chain 0] chunk 10/10 (5000 samples, 60s) -> chain0_samples.csv
  [chain 0] done in 307s
  -> ready: chain0_samples.csv
  -> ready: chain1_samples.csv
  wrote simulated_ensemble_raw_samples_canonical.csv (100000 samples)

  --- Convergence diagnostics ---
    efficiency_gap     n=100000  tau=306.44  n_eff=326  rho1=+0.988
    mean_median        n=100000  tau=446.26  n_eff=224  rho1=+0.987
    declination        n=100000  tau=320.28  n_eff=312  rho1=+0.989
    seats_at_50_50     n=100000  tau=319.45  n_eff=313  rho1=+0.989

  --- Percentile placements (canonical) ---
        metric                     map   value  percentile  ensemble_p5  ensemble_p50  ensemble_p95
efficiency_gap            2019 enacted +0.0241    +71.4360      -0.0074       +0.0162       +0.0390
efficiency_gap majority 2026 canonical +0.0010    +14.7640      -0.0074       +0.0162       +0.0390
efficiency_gap minority 2026 canonical +0.0402    +95.8680      -0.0074       +0.0162       +0.0390
   mean_median            2019 enacted -0.0077    +94.7640      -0.0324       -0.0195       -0.0076
   mean_median majority 2026 canonical -0.0362     +1.8560      -0.0324       -0.0195       -0.0076
   mean_median minority 2026 canonical +0.0104    +99.9920      -0.0324       -0.0195       -0.0076
   declination            2019 enacted -0.0451     +7.4500      -0.0526       -0.0008       +0.0509
   declination majority 2026 canonical +0.0267    +80.7180      -0.0526       -0.0008       +0.0509
   declination minority 2026 canonical -0.0770     +0.4200      -0.0526       -0.0008       +0.0509
seats_at_50_50            2019 enacted +0.4598    +83.2120      +0.4253       +0.4483       +0.4713
seats_at_50_50 majority 2026 canonical +0.4607    +83.2120      +0.4253       +0.4483       +0.4713
seats_at_50_50 minority 2026 canonical +0.5169   +100.0000      +0.4253       +0.4483       +0.4713
  wrote simulation_real_map_scores_canonical.json

  *** OUTLIER FLAGS (>=95th or <=5th pct) ***
    minority 2026 canonical                          efficiency_gap     val=+0.0402  p=95.9
    majority 2026 canonical                          mean_median        val=-0.0362  p=1.9
    minority 2026 canonical                          mean_median        val=+0.0104  p=100.0
    minority 2026 canonical                          declination        val=-0.0770  p=0.4
    minority 2026 canonical                          seats_at_50_50     val=+0.5169  p=100.0

[21:03:16] done in 347s total
