[11:59:16] short-bursts targeted gerrymander start
  burst length = 50, n_bursts = 800, total steps = 40000
  seed = 137, pop_deviation = +/-25%
C:\Users\email\AppData\Local\Python\pythoncore-3.14-64\Lib\site-packages\gerrychain\graph\adjacency.py:112: UserWarning: Found overlaps among the given polygons. Indices of overlaps: {(1087, 2495), (970, 3032), (1087, 1494), (39, 2376), (180, 4637), (39, 640), (1045, 4435), (1087, 3245), (444, 4615), (1087, 4212), (49, 1087), (39, 4508), (172, 2890), (180, 4615), (4152, 4762), (39, 2717), (1015, 2499), (180, 444), (1045, 3836), (4255, 4637), (39, 2631), (180, 1414), (1414, 4615), (1414, 3840), (905, 4637), (3032, 4764), (260, 616), (510, 1087), (172, 2370), (260, 2492), (905, 4255), (4056, 4152), (510, 2191), (4056, 4762), (2154, 2499)}
  warnings.warn(
[11:59:16] loading VA polygons...
  total 2021 pop across VAs: 4,262,572
[11:59:16] building adjacency graph (4765 VAs)...
  built in 14.5s: 4765 nodes, 13385 edges
  graph built: 4765 nodes, 13385 edges
  starting assignment: 87 districts, ideal pop 48,995
  2019 seed exceeds +/-25%; regenerating tight seed
  tight seed pop dev = 12.24%
  initial seats@50/50 = 0.4598  (ucp_seats=54/87)
[11:59:39] burst 1/800  best so far = 0.4713  (50 steps, 118.6 steps/s, eta 5.6 min)
[11:59:51] burst 25/800  best so far = 0.4943  (1,250 steps, 99.7 steps/s, eta 6.5 min)
[12:00:03] burst 50/800  best so far = 0.4943  (2,500 steps, 102.2 steps/s, eta 6.1 min)
[12:00:14] burst 75/800  best so far = 0.5057  (3,750 steps, 105.7 steps/s, eta 5.7 min)
[12:00:25] burst 100/800  best so far = 0.5057  (5,000 steps, 107.6 steps/s, eta 5.4 min)
[12:00:36] burst 125/800  best so far = 0.5172  (6,250 steps, 107.8 steps/s, eta 5.2 min)
[12:00:47] burst 150/800  best so far = 0.5172  (7,500 steps, 109.9 steps/s, eta 4.9 min)
[12:00:58] burst 175/800  best so far = 0.5172  (8,750 steps, 109.7 steps/s, eta 4.7 min)
[12:01:09] burst 200/800  best so far = 0.5172  (10,000 steps, 110.1 steps/s, eta 4.5 min)
[12:01:21] burst 225/800  best so far = 0.5172  (11,250 steps, 110.0 steps/s, eta 4.4 min)
[12:01:32] burst 250/800  best so far = 0.5287  (12,500 steps, 109.7 steps/s, eta 4.2 min)
[12:01:43] burst 275/800  best so far = 0.5287  (13,750 steps, 110.2 steps/s, eta 4.0 min)
[12:01:54] burst 300/800  best so far = 0.5287  (15,000 steps, 110.6 steps/s, eta 3.8 min)
[12:02:05] burst 325/800  best so far = 0.5287  (16,250 steps, 110.7 steps/s, eta 3.6 min)
[12:02:17] burst 350/800  best so far = 0.5287  (17,500 steps, 110.6 steps/s, eta 3.4 min)
[12:02:28] burst 375/800  best so far = 0.5287  (18,750 steps, 110.7 steps/s, eta 3.2 min)
[12:02:39] burst 400/800  best so far = 0.5287  (20,000 steps, 110.5 steps/s, eta 3.0 min)
[12:02:50] burst 425/800  best so far = 0.5287  (21,250 steps, 110.7 steps/s, eta 2.8 min)
[12:03:01] burst 450/800  best so far = 0.5287  (22,500 steps, 111.2 steps/s, eta 2.6 min)
[12:03:11] burst 475/800  best so far = 0.5287  (23,750 steps, 111.6 steps/s, eta 2.4 min)
[12:03:22] burst 500/800  best so far = 0.5287  (25,000 steps, 111.7 steps/s, eta 2.2 min)
[12:03:34] burst 525/800  best so far = 0.5287  (26,250 steps, 111.3 steps/s, eta 2.1 min)
[12:03:47] burst 550/800  best so far = 0.5287  (27,500 steps, 110.6 steps/s, eta 1.9 min)
[12:03:59] burst 575/800  best so far = 0.5287  (28,750 steps, 110.2 steps/s, eta 1.7 min)
[12:04:13] burst 600/800  best so far = 0.5287  (30,000 steps, 109.3 steps/s, eta 1.5 min)
[12:04:25] burst 625/800  best so far = 0.5287  (31,250 steps, 109.2 steps/s, eta 1.3 min)
[12:04:35] burst 650/800  best so far = 0.5287  (32,500 steps, 109.5 steps/s, eta 1.1 min)
[12:04:46] burst 675/800  best so far = 0.5287  (33,750 steps, 109.7 steps/s, eta 0.9 min)
[12:04:57] burst 700/800  best so far = 0.5287  (35,000 steps, 109.8 steps/s, eta 0.8 min)
[12:05:09] burst 725/800  best so far = 0.5287  (36,250 steps, 109.7 steps/s, eta 0.6 min)
C:\Users\email\AppData\Local\Python\pythoncore-3.14-64\Lib\site-packages\gerrychain\tree.py:704: BipartitionWarning: 
Failed to find a balanced cut after 1000 attempts.
If possible, consider enabling pair reselection within your
MarkovChain proposal method to allow the algorithm to select
a different pair of districts for recombination.
  warnings.warn(
[12:05:23] burst 750/800  best so far = 0.5287  (37,500 steps, 108.8 steps/s, eta 0.4 min)
[12:05:34] burst 775/800  best so far = 0.5287  (38,750 steps, 108.9 steps/s, eta 0.2 min)
[12:05:46] burst 800/800  best so far = 0.5287  (40,000 steps, 108.8 steps/s, eta 0.0 min)
[12:05:46] done in 367.5s (6.13 min)
  BEST seats@50/50: 0.5287
  BEST metrics: {'efficiency_gap': 0.023721894540497026, 'mean_median': 0.010316918075528925, 'declination': -0.019656196244802464, 'seats_at_50_50': 0.5287356321839081, 'ucp_seats': 56, 'n_districts': 87, 'ucp_vote_share': 0.5740427639062993}
  wrote v0_1_targeted_burst_trace.csv and v0_1_targeted_burst_best.json
